<component name="libraryTable">
  <library name="junit-4.13.2">
    <CLASSES>
      <root url="jar://$USER_HOME$/Downloads/junit-4.13.2.jar!/" />
      <root url="jar://$USER_HOME$/Downloads/postgresql-42.6.0.jar!/" />
      <root url="jar://$USER_HOME$/Downloads/rs2xml.jar!/" />
    </CLASSES>
    <JAVADOC />
    <SOURCES>
      <root url="jar://$USER_HOME$/Downloads/rs2xml.jar!/src" />
    </SOURCES>
  </library>
</component>